         w __deregister_frame_info
         w __register_frame_info
         w userAppExit
         w userAppInit
00000000 00000802 B __ctru_dev_utf16_buf
00000000 b _TLS_MODULE_BASE_
00000000 a shift
00000000 a shift
00000804 00000401 B __ctru_dev_path_buf
00100000 A __start__
00100000 T _start
00100008 T __service_ptr
0010000c T __apt_appid
00100010 T __heap_size
00100014 T __linear_heap_size
00100018 T __system_arglist
0010001c T __system_runflags
00100020 t startup
00100058 t ClearMem
0010006c t ClrLoop
00100094 T _init
001000ac T __aeabi_idiv
001000ac 00000220 T __divsi3
001000b4 t .divsi3_skip_div0_test
001002cc 00000020 T __aeabi_idivmod
001002ec 00000004 W __aeabi_idiv0
001002ec 00000004 W __aeabi_ldiv0
001002f0 T __aeabi_uldivmod
00100348 00000390 T strcmp
001006d0 t .udivsi3_skip_div0_test
001006d0 T __aeabi_uidiv
001006d0 000001ec T __udivsi3
001008bc 00000020 T __aeabi_uidivmod
001008dc T __aeabi_drsub
001008e4 000002b0 T __aeabi_dsub
001008e4 000002b0 T __subdf3
001008e8 000002ac T __adddf3
001008e8 000002ac T __aeabi_dadd
00100b94 00000024 T __aeabi_ui2d
00100b94 00000024 T __floatunsidf
00100bb8 00000028 T __aeabi_i2d
00100bb8 00000028 T __floatsidf
00100be0 00000048 T __aeabi_f2d
00100be0 00000048 T __extendsfdf2
00100c28 00000074 T __aeabi_ul2d
00100c28 00000074 T __floatundidf
00100c3c 00000060 T __aeabi_l2d
00100c3c 00000060 T __floatdidf
00100c9c t __do_global_dtors_aux
00100cdc t frame_dummy
00100d08 000000b0 T main
00100db8 000001e8 t parseColor
00100fa0 000001ac T consoleDrawChar
0010114c 00000124 T consolePrintChar
00101270 00000b94 T con_write
00101e04 000000fc t newRow
00101f00 00000170 T consoleInit
00102070 000000d0 t gfxPresentFramebuffer
00102140 0000001c T gfxIsWide
0010215c 000000ec T gfxSetScreenFormat
00102248 00000010 T gfxSetDoubleBuffering
00102258 000000e0 T gfxInit
00102338 00000010 T gfxInitDefault
00102348 000000b4 T gfxExit
001023fc 000000a0 T gfxGetFramebuffer
0010249c 00000104 T gfxFlushBuffers
001025a0 00000050 T gfxSwapBuffers
001025f0 00000050 T gfxSwapBuffersGpu
00102640 00000c58 t gspHardwareInit
00103298 00000248 T gspInit
001034e0 000000f0 T gspExit
001035d0 00000010 T gspHasGpuRight
001035e0 000000a0 T gspPresentBuffer
00103680 00000044 T gspWaitForEvent
001036c4 00000004 W gxCmdQueueInterrupt
001036c8 00000158 t gspEventThreadMain
00103820 00000050 T GSPGPU_FlushDataCache
00103870 00000034 T GSPGPU_SetLcdForceBlack
001038a4 00000068 T GSPGPU_AcquireRight
0010390c 00000048 T GSPGPU_ReleaseRight
00103954 0000007c T GSPGPU_ImportDisplayCaptureInfo
001039d0 0000002c T GSPGPU_SaveVramSysArea
001039fc 0000002c T GSPGPU_RestoreVramSysArea
00103a28 00000024 W hidShouldUseIrrst
00103a4c 0000018c T hidInit
00103bd8 000000e8 T hidExit
00103cc0 000002a4 T hidScanInput
00103f64 00000010 T hidKeysHeld
00103f74 00000010 T hidKeysDown
00103f84 00000018 T hidTouchRead
00103f9c 000001a4 t aptConvertScreenForCapture
00104140 00000008 W aptDspSleep
00104148 00000004 W aptDspWakeup
0010414c 00000004 W aptDspCancel
00104150 00000158 T aptSendCommand
001042a8 00000044 t aptExitProcess
001042ec 0000038c T aptExit
00104678 000000e0 T aptHandleSleep
00104758 00000084 T APT_SleepIfShellClosed
001047dc 00000084 T aptSetSleepAllowed
00104860 00000084 T APT_UnlockTransition
001048e8 000004a4 t aptEventHandler
00104d8c 000000b0 T APT_ReceiveParameter
00104e3c 000000b0 t aptReceiveParameter.constprop.0
00104ef0 000002ac t aptScreenTransfer
0010519c 00000344 t aptWaitForWakeUp.isra.0
001054e0 00000100 T aptJumpToHomeMenu
001055e0 00000048 T aptMainLoop
00105628 0000022c T aptInit
00105854 0000007c T APT_CheckNew3DS
001058d0 00000038 W __libctru_init
00105908 00000170 W __system_initArgv
00105a78 T svcControlMemory
00105a98 T svcQueryMemory
00105ac8 T svcExitProcess
00105ad0 T svcCreateThread
00105af0 T svcExitThread
00105af8 T svcSleepThread
00105b00 T svcReleaseMutex
00105b08 T svcCreateEvent
00105b1c T svcSignalEvent
00105b24 T svcClearEvent
00105b2c T svcMapMemoryBlock
00105b34 T svcUnmapMemoryBlock
00105b3c T svcCreateAddressArbiter
00105b50 T svcArbitrateAddressNoTimeout
00105b58 T svcCloseHandle
00105b60 T svcWaitSynchronization
00105b68 T svcWaitSynchronizationN
00105b90 T svcDuplicateHandle
00105ba4 T svcConnectToPort
00105bb8 T svcSendSyncRequest
00105bc0 T svcGetResourceLimit
00105bd4 T svcGetResourceLimitLimitValues
00105bdc T svcGetResourceLimitCurrentValues
00105be4 T svcBreak
00105bec W initSystem
00105c3c W __ctru_exit
00105c54 00000024 t addrMapNodeComparator(rbtree_node const*, rbtree_node const*)
00105c78 00000004 t addrMapNodeDestructor(rbtree_node*)
00105c7c 00000250 T vramMemAlignAt
00105ecc 0000000c T vramAlloc
00105ed8 00000090 T vramFree
00105f68 00000024 t addrMapNodeComparator(rbtree_node const*, rbtree_node const*)
00105f8c 00000004 t addrMapNodeDestructor(rbtree_node*)
00105f90 00000120 T linearMemAlign
001060b0 00000008 T linearAlloc
001060b8 0000005c T linearFree
00106114 00000080 T MemPool::CoalesceRight(MemBlock*)
00106194 0000016c T MemPool::Allocate(MemChunk&, unsigned long, int)
00106300 000000fc T MemPool::Deallocate(MemChunk const&)
001063fc 00000030 T MemPool::GetFreeSpace()
0010642c 0000000c T __sync_init
00106438 00000018 T __sync_fini
00106450 0000002c T syncArbitrateAddress
0010647c 000000b0 T LightLock_Lock
0010652c 00000040 T LightLock_Unlock
0010656c 00000030 T RecursiveLock_Lock
0010659c 00000054 T RecursiveLock_Unlock
001065f0 00000040 T LightEvent_Init
00106630 000000a4 T LightEvent_Clear
001066d4 000000c8 T LightEvent_Signal
0010679c 00000050 T LightEvent_TryWait
001067ec 000000b0 T LightEvent_Wait
0010689c 00000034 T __ctru_speedup_config
001068d0 00000130 T srvInit
00106a00 00000058 T srvExit
00106a58 00000060 T srvEnableNotification
00106ab8 000000a0 T srvGetServiceHandleDirect
00106b58 00000038 T srvGetServiceHandle
00106b90 00000034 T srvSubscribe
00106bc4 00000060 T srvReceiveNotification
00106c24 00000038 T srvPublishToSubscriber
00106c5c 000001d4 T threadCreate
00106e30 0000002c T threadFree
00106e5c 00000024 T threadJoin
00106e80 00000030 T threadGetCurrent
00106eb0 00000040 T threadExit
00106ef0 00000020 t _thread_begin
00106f10 000000b4 t mappableFindAddressWithin
00106fc4 00000028 T mappableInit
00106fec 00000080 T mappableAlloc
0010706c 00000004 T mappableFree
00107070 00000164 T irrstInit
001071d4 000000cc T irrstExit
001072a0 000000b4 T irrstScanInput
00107354 00000024 T irrstKeysHeld
00107378 0000000c T srvPmGetSessionHandle
00107384 00000074 T ptmSysmInit
001073f8 0000003c T ptmSysmExit
00107434 00000034 T PTMSYSM_ConfigureNew3DSCPU
00107468 00000010 T rbtree_init
00107478 000001b4 t do_insert
0010762c 00000008 T rbtree_insert
00107634 00000090 T rbtree_rotate
001076c4 00000318 T rbtree_remove
001079dc 00000074 T rbtree_find
00107a50 00000030 W __appInit
00107a80 00000030 T __syscall_getreent
00107ab0 00000004 T __syscall_lock_acquire
00107ab4 00000004 T __syscall_lock_release
00107ab8 00000004 T __syscall_lock_acquire_recursive
00107abc 00000004 T __syscall_lock_release_recursive
00107ac0 00000004 T __syscall_exit
00107ac4 00000050 T initThreadVars
00107b14 00000080 T __system_initSyscalls
00107b98 000001e0 W __system_allocateHeaps
00107d78 00000030 W __appExit
00107da8 00000090 W __libctru_exit
00107e38 00000084 W envGetHandle
00107ebc 00000050 W envDestroyHandles
00107f0c 00000014 t archive_link
00107f20 00000014 t archive_dirreset
00107f34 00000014 t archive_chmod
00107f48 00000024 t error_cmp
00107f6c 00000050 t archive_translate_error
00107fbc 000000c8 t archive_seek
00108084 0000007c t _archiveInit.part.0
00108100 000000c4 t archiveFindDevice.part.0
001081c4 0000025c t archive_utf16path
00108420 000000a0 t _archiveUnmountDeviceStruct.part.0
001084c0 00000014 t archive_fchmod
001084d4 00000014 t archive_statvfs
001084e8 00000164 t _archiveMountDevice
0010864c 000000e8 t archive_diropen
00108734 000000a4 t archive_fstat
001087d8 0000006c t archive_close
00108844 0000006c t archive_fsync
001088b0 00000070 t archive_dirclose
00108920 000000e8 t sdmc_statvfs
00108a08 000000ec t archive_chdir
00108af4 0000007c t archive_ftruncate
00108b70 000000ac t archive_read
00108c1c 000000a4 t archive_unlink
00108cc0 000000bc t archive_rmdir
00108d7c 000000dc t archive_mkdir
00108e58 0000019c t archive_stat
00108ff4 0000015c t archive_dirnext
00109150 000000ec t archive_write
0010923c 000001d4 t archive_open
00109410 00000278 t archive_rename
00109688 0000019c T archiveMountSdmc
00109824 00000054 T archiveUnmountAll
00109878 000000cc T fsInit
00109944 0000003c T fsExit
00109980 00000060 T fsExemptFromSession
001099e0 00000050 T fsUnexemptFromSession
00109a30 000000cc T FSUSER_OpenFile
00109afc 000000bc T FSUSER_DeleteFile
00109bb8 000000f8 T FSUSER_RenameFile
00109cb0 000000bc T FSUSER_DeleteDirectory
00109d6c 000000d4 T FSUSER_CreateFile
00109e40 000000c4 T FSUSER_CreateDirectory
00109f04 000000f8 T FSUSER_RenameDirectory
00109ffc 000000b4 T FSUSER_OpenDirectory
0010a0b0 00000098 T FSUSER_OpenArchive
0010a148 0000008c T FSUSER_CloseArchive
0010a1d4 00000074 T FSUSER_GetSdmcArchiveResource
0010a248 00000064 T FSUSER_IsSdmcWritable
0010a2ac 00000058 T FSFILE_Read
0010a304 00000060 T FSFILE_Write
0010a364 0000003c T FSFILE_GetSize
0010a3a0 00000028 T FSFILE_SetSize
0010a3c8 0000003c T FSFILE_Close
0010a404 00000024 T FSFILE_Flush
0010a428 00000050 T FSDIR_Read
0010a478 0000003c T FSDIR_Close
0010a4b4 0000005c T rbtree_node_next
0010a510 000000c0 T utf8_to_utf16
0010a5d0 0000013c T decode_utf8
0010a70c 000000e8 T utf16_to_utf8
0010a7f4 T __aeabi_read_tp
0010a800 00000054 T encode_utf16
0010a854 000000e0 T encode_utf8
0010a934 00000064 T decode_utf16
0010a998 00000120 T __udivmoddi4
0010aab8 00000030 T exit
0010aae8 00000018 T malloc
0010ab00 00000018 T free
0010ab18 000007e4 T _malloc_r
0010b2fc 0000000c T __malloc_lock
0010b308 0000000c T __malloc_unlock
0010b314 000001c4 t _strtoul_l.constprop.0
0010b4d8 00000030 T _strtoul_r
0010b508 00000034 T strtoul
0010b53c 00000020 T memalign
0010b55c 0000014c T _memalign_r
0010b6a8 00000078 T bsearch
0010b720 00000234 T __sflush_r
0010b954 00000094 T _fflush_r
0010b9e8 0000001c t stdio_exit_handler
0010ba04 0000005c t cleanup_stdio
0010ba60 00000154 t global_stdio_init.part.0
0010bbb4 0000005c T __sinit
0010bc10 0000000c T __sfp_lock_acquire
0010bc1c 0000000c T __sfp_lock_release
0010bc28 00000070 T _fwalk_sglue
0010bc98 00000034 T printf
0010bccc 00000264 T setvbuf
0010bf30 00000074 T sscanf
0010bfa4 00000044 T __sread
0010bfe8 00000008 T __seofread
0010bff0 00000068 T __swrite
0010c058 00000044 T __sseek
0010c09c 00000008 T __sclose
0010c0a4 000000f4 T memset
0010c198 00000090 T strlen
0010c228 000000e4 T strncat
0010c30c 000000e4 T strncmp
0010c3f0 000000c4 T strncpy
0010c4b4 00000048 T strnlen
0010c4fc 0000000c T __errno
0010c508 00000084 T __libc_init_array
0010c58c 0000003c T __libc_fini_array
0010c5c8 000000e4 T memchr
0010c6ac 00000118 T memcpy
0010c7c4 00000110 T __call_exitprocs
0010c8d4 000000f8 T _malloc_trim_r
0010c9cc 000002e8 T _free_r
0010ccb4 00000050 t get_arg
0010cd04 00002c44 T __ssvfscanf_r
0010f948 0000067c t get_arg
0010ffc8 000033b8 T _vfprintf_r
00113380 000000b8 t __sbprintf
00113438 0000067c t get_arg
00113ab4 00000030 T __sprint_r
00113ae4 0000230c T _vfiprintf_r
00115df0 000000b8 t __sbprintf
00115ea8 00000148 T _fclose_r
00115ff0 000004b4 T __sfvwrite_r
001164a4 00000130 T __smakebuf_r
001165d4 0000008c T __swhatbuf_r
00116660 000000f4 T __sccl
00116754 00000064 T sprintf
001167b8 00000134 T __swsetup_r
001168ec 00000150 T memmove
00116a3c 000000cc T stpncpy
00116b08 00000024 T __locale_mb_cur_max
00116b2c 00000024 T _localeconv_r
00116b50 0000000c T nanf
00116b60 00000088 T frexp
00116be8 000001b0 t quorem
00116d98 000011f8 T _dtoa_r
00117f90 000002f8 T __utf8_mbtowc
00118288 00000088 T _Balloc
00118310 0000001c T _Bfree
0011832c 000000f4 T __multadd
00118420 00000110 T __s2b
00118530 00000060 T __hi0bits
00118590 0000009c T __lo0bits
0011862c 000000ac T __i2b
001186d8 00000204 T __multiply
001188dc 00000128 T __pow5mult
00118a04 00000140 T __lshift
00118b44 00000058 T __mcmp
00118b9c 000001f0 T __mdiff
00118d8c 00000068 T __ulp
00118df4 000000d0 T __b2d
00118ec4 00000120 T __d2b
00118fe4 00000078 T __ratio
0011905c 00000088 T __copybits
001190e4 0000005c T __any_on
00119140 00000020 T realloc
00119160 000004a0 T _realloc_r
00119600 00000064 t sulp
00119668 000013a8 T _strtod_l
0011aa10 00000040 T _strtod_r
0011aa50 000001a4 t _strtol_l.part.0
0011abf4 00000060 T _strtol_r
0011ac54 000000f0 T __utf8_wctomb
0011ad44 0000022c t _strtoll_l.constprop.0
0011af70 00000030 T _strtoll_r
0011afa0 00000244 t _strtoull_l.constprop.0
0011b1e4 00000030 T _strtoull_r
0011b214 000000bc T _mbrtowc_r
0011b2d0 00000094 T _wcrtomb_r
0011b364 00000028 T _wcsrtombs_r
0011b38c 00000008 T iswspace
0011b394 00000038 T iswspace_l
0011b3cc 00000188 T __ssprint_r
0011b554 000000d4 T _sungetc_r
0011b628 0000006c T __ssrefill_r
0011b694 000000c4 T _sfread_r
0011b758 0000067c t get_arg
0011bdd8 00003344 T _svfprintf_r
0011f11c 000000a8 T __submore
0011f1c4 00000130 T strchr
0011f2f8 00000010 T nan
0011f308 0000005c T __assert_func
0011f364 000000c0 T _calloc_r
0011f424 000000f0 t rshift
0011f514 00000814 T __gethex
0011fd28 0000004c T __match
0011fd74 0000029c T __hexnan
00120010 00000188 T _wcsnrtombs_l
00120198 00000068 T _wcsnrtombs_r
00120200 0000008c T category
0012028c 0000003c T fiprintf
001202c8 00000014 T abort
001202dc 00000090 T _raise_r
0012036c 00000018 T raise
00120384 00000020 T _exit
001203a4 000001c0 T _concatenate_path
00120564 00000140 T chdir
001206a4 00000078 T _fstat_r
0012071c 00000014 T _getpid_r
00120730 0000002c T __getreent
0012075c 0000003c T __get_handle
00120798 000000f4 T _close_r
0012088c 00000008 t null_write
00120894 00000018 T setDefaultDevice
001208ac 000000c8 T FindDevice
00120974 00000028 T RemoveDevice
0012099c 0000009c T AddDevice
00120a38 00000020 T GetDeviceOpTab
00120a58 00000008 T _isatty_r
00120a60 00000014 T _kill_r
00120a74 00000084 T _lseek_r
00120af8 00000080 T _read_r
00120b78 00000078 W _sbrk_r
00120bf0 0000001c T __libc_lock_acquire
00120c0c 0000001c T __libc_lock_release
00120c28 0000001c T __libc_lock_acquire_recursive
00120c44 0000001c T __libc_lock_release_recursive
00120c60 00000080 T _write_r
00120ce0 00000038 T __aeabi_d2lz
00120ce0 00000038 T __fixdfdi
00120d18 00000040 T __aeabi_d2ulz
00120d18 00000040 T __fixunsdfdi
00120d58 00000048 T strrchr
00120da0 T _fini
001210f8 00000070 r dotab_stdout
00121168 00000018 r grayScale
00121180 00000006 r colorCube
00121188 00000030 r colorTable
001211f4 00000008 r morton_y.2
001211fc 00000008 r morton_x.3
00121204 00000008 r s_sleepWakeEvents.4
00121218 R default_font_bin
00121a18 R default_font_bin_end
00121a48 00000030 r error_table
00121a80 00000070 r archive_devoptab
00121af8 00000101 R _ctype_
00121c00 00000022 r basefix.0
00121c60 00000010 r zeroes.0
00121c70 00000010 r blanks.1
00121c80 00000010 r zeroes.0
00121c90 00000010 r blanks.1
00121cf8 r .LC2
00121d98 0000000c r p05.0
00121da8 00000028 R __mprec_bigtens
00121dd0 000000c8 R __mprec_tens
00121ea8 00000014 r fpinan.0
00121ebc 00000014 r fpi.1
00121ed0 00000028 r tinytens
00121ef8 0000006c R __action_table
00121f64 0000006c R __state_table
00121fd0 00000100 R __chclass
001220d0 00000010 r zeroes.0
001220e0 00000010 r blanks.1
0012217c 00000100 R __hexdig
0012227c 00003528 r categories
001257a4 00000070 R dotab_stdnull
00125814 R __tdata_align
00125818 r __EH_FRAME_BEGIN__
00125818 R __exidx_end
00125818 R __exidx_start
00126000 00000001 d firstConsoleInit.0
00126004 00000004 D currentConsole
00126008 00000048 D defaultConsole
00126050 00000004 d kCount
00126054 00000004 d kInterval
00126058 00000004 d kDelay
0012605c 00000004 d aptChainloadDeliverArgSize
00126060 W __stacksize__
00126064 00000004 D __malloc_sbrk_base
00126068 00000004 D __malloc_trim_threshold
00126070 00000408 D __malloc_av_
00126478 0000000c D __sglue
00126484 00000004 D _impure_ptr
00126488 00000120 D _impure_data
001265a8 0000016c D __global_locale
00126714 00000400 d _current_working_directory
00126b14 00001000 d handles
00127b14 0000000c d __stderr_handle
00127b20 0000000c d __stdout_handle
00127b2c 0000000c d __stdin_handle
00127b38 0000008c D devoptab_list
00127bc4 00000004 d defaultDevice
00127bd0 d _GLOBAL_OFFSET_TABLE_
00127bdc d __frame_dummy_init_array_entry
00127bdc D __init_array_start
00127bdc B __preinit_array_end
00127bdc B __preinit_array_start
00127bdc D __tdata_lma
00127bdc D __tdata_lma_end
00127be0 d __do_global_dtors_aux_fini_array_entry
00127be0 D __fini_array_start
00127be0 D __init_array_end
00127be4 D __bss_start__
00127be4 D __fini_array_end
00127be4 b completed.1
00127be8 b object.0
00127c00 00000048 B currentCopy
00127c48 00000004 b screenAlloc
00127c4c 00000004 b screenFree
00127c50 00000002 b gfxIsDoubleBuf
00127c54 00000002 b gfxCurBuf
00127c56 00000001 b gfxIsVram
00127c57 00000001 b gfxTopMode
00127c58 00000002 b gfxFramebufferFormats
00127c5c 00000004 b gfxBottomFramebufferMaxSize
00127c60 00000004 b gfxTopFramebufferMaxSize
00127c68 00000008 b gfxBottomFramebuffers
00127c70 00000008 b gfxTopFramebuffers
00127c78 00000007 b gspEventCbOneShot
00127c80 0000001c b gspEventCbData
00127c9c 0000001c b gspEventCb
00127cb8 00000038 b gspEvents
00127cf0 00000004 b gspLastEvent
00127cf4 00000001 b gspRunEvents
00127cf8 00000004 b gspEventThread
00127cfc 00000004 b gspEvent
00127d00 00000001 b gspGpuRight
00127d01 00000001 b gspThreadId
00127d04 00000004 b gspSharedMem
00127d08 00000004 b gspSharedMemHandle
00127d0c 00000004 b gspRefCount
00127d10 00000004 b gspGpuHandle
00127d14 00000001 b usingIrrst
00127d18 00000004 b hidRefCount
00127d1c 00000006 b gRate
00127d24 00000006 b aVec
00127d2c 00000004 b cPos
00127d30 00000004 b tPos
00127d34 00000004 b kRepeat
00127d38 00000004 b kUp
00127d3c 00000004 b kDown
00127d40 00000004 b kHeld
00127d44 00000004 b kOld
00127d48 00000004 B hidSharedMem
00127d4c 00000014 B hidEvents
00127d60 00000004 B hidMemHandle
00127d64 00000004 B hidHandle
00127d68 00000001 b flagValue.0
00127d69 00000001 b flagInit.1
00127d6c 00000004 b serviceName.6
00127d70 00000001 b aptChainloadFlags
00127d71 00000001 b aptChainloadMediatype
00127d74 00000020 b aptChainloadHmac
00127d94 00000300 b aptChainloadDeliverArg
00128098 00000008 b aptChainloadTid
001280a0 00001000 b aptParameters
001290a0 00000004 b aptFlags
001290a4 00000001 b aptHomeButtonState
001290a8 00000004 b aptMessageFuncData
001290ac 00000004 b aptMessageFunc
001290b0 0000000c b aptFirstHook
001290bc 00000001 b aptEventHandlerThreadQuit
001290c0 00000004 b aptEventHandlerThread
001290c4 00000008 b aptSleepEvent
001290cc 00000008 b aptReceiveEvent
001290d4 00000008 b aptEvents
001290dc 00000004 b aptLockHandle
001290e0 00000004 b aptRefCount
001290e4 00000004 B __system_retAddr
001290e8 00000004 B __system_argv
001290ec 00000004 B __system_argc
001290f0 b saved_stack
001290f8 00000008 b sVramPoolB
00129100 00000008 b sVramPoolA
00129108 0000000c b sAddrMap
00129118 00000008 b sLinearPool
00129120 0000000c b sAddrMap
0012912c 00000004 b arbiter
00129130 00000001 V __ctru_speedup
00129134 00000004 B __3dslink_host
00129138 00000004 b srvRefCount
0012913c 00000004 b srvHandle
00129140 00000004 b currentAddr
00129144 00000004 b maxAddr
00129148 00000004 b minAddr
0012914c 00000004 b irrstRefCount
00129150 00000004 b csPos
00129154 00000004 b kHeld
00129158 00000004 B irrstSharedMem
0012915c 00000004 B irrstEvent
00129160 00000004 B irrstMemHandle
00129164 00000004 B irrstHandle
00129168 00000004 b srvPmHandle
0012916c 00000004 b ptmSysmRefCount
00129170 00000004 b ptmSysmHandle
00129174 00000004 V __ctru_linear_heap_size
00129178 00000004 V __ctru_heap_size
0012917c 00000004 B __ctru_linear_heap
00129180 00000004 B __ctru_heap
00129188 00000540 b archive_devices
001296c8 00000004 b archive_device_cwd
001296cc 00000001 b archive_initialized
001296d0 00000080 b fsExemptArchives
00129750 00000004 b fsuRefCount
00129754 00000004 b fsuHandle
00129758 00000028 B __malloc_current_mallinfo
00129780 00000004 B __malloc_max_total_mem
00129784 00000004 B __malloc_max_sbrked_mem
00129788 00000004 B __malloc_top_pad
0012978c 0000000c b __malloc_recursive_mutex
00129798 0000000c b __sfp_recursive_mutex
001297a8 00000168 B __sf
00129910 00000004 B __stdio_exit_handler
00129914 00000004 B __atexit
00129918 0000000c B __atexit_recursive_mutex
00129924 00000400 b temp_cwd
00129d24 00000004 b __hndl_lock
00129d28 00000004 B fake_heap_start
00129d2c 00000004 B fake_heap_end
00129d30 00000004 b heap_start.0
00129d34 B __tls_start
0012a93c B __bss_end__
0012a93c A __end__
0012a93c B __tls_end
